2018-02-25 15:08:42,660:INFO: Creating the datasets...
2018-02-25 15:10:20,774:INFO: Creating the datasets...
2018-02-25 15:11:07,189:INFO: Creating the datasets...
2018-02-25 15:11:09,379:INFO: Creating the model...
2018-02-25 15:11:12,183:INFO: Starting training for 10 epoch(s)
2018-02-25 15:11:26,649:INFO: Epoch 1/10
2018-02-25 15:14:51,811:INFO: Creating the datasets...
2018-02-25 15:14:52,656:INFO: Creating the model...
2018-02-25 15:21:32,254:INFO: Creating the datasets...
2018-02-25 15:21:34,256:INFO: Creating the model...
2018-02-25 15:26:42,709:INFO: Creating the datasets...
2018-02-25 15:26:45,405:INFO: Creating the model...
2018-02-25 15:27:42,534:INFO: Creating the datasets...
2018-02-25 15:27:43,852:INFO: Creating the model...
2018-02-25 15:30:52,289:INFO: Creating the datasets...
2018-02-25 15:30:54,089:INFO: Creating the model...
2018-02-25 15:39:10,646:INFO: Starting training for 1 epoch(s)
2018-02-25 16:34:50,688:INFO: Creating the datasets...
2018-02-25 16:34:54,518:INFO: Creating the model...
2018-02-25 16:43:47,814:INFO: Starting training for 1 epoch(s)
2018-02-25 17:27:20,330:INFO: Epoch 1/1
2018-02-25 18:12:38,863:INFO: Creating the datasets...
2018-02-25 18:12:42,178:INFO: Creating the model...
2018-02-25 18:17:40,310:INFO: Creating the datasets...
2018-02-25 18:17:40,551:INFO: Creating the model...
2018-02-25 18:25:22,448:INFO: Starting training for 1 epoch(s)
2018-02-25 19:15:49,220:INFO: Creating the datasets...
2018-02-25 19:15:49,428:INFO: Creating the model...
2018-02-25 19:19:58,967:INFO: Creating the datasets...
2018-02-25 19:19:59,164:INFO: Creating the model...
2018-02-25 19:21:04,361:INFO: Creating the datasets...
2018-02-25 19:21:04,559:INFO: Creating the model...
2018-02-25 19:24:10,327:INFO: Creating the datasets...
2018-02-25 19:24:10,544:INFO: Creating the model...
2018-02-25 19:29:04,769:INFO: Creating the datasets...
2018-02-25 19:29:04,953:INFO: Creating the model...
2018-02-25 19:30:33,096:INFO: Creating the datasets...
2018-02-25 19:30:33,289:INFO: Creating the model...
2018-02-25 19:31:16,658:INFO: Creating the datasets...
2018-02-25 19:31:16,844:INFO: Creating the model...
2018-02-25 19:32:49,369:INFO: Creating the datasets...
2018-02-25 19:32:49,565:INFO: Creating the model...
2018-02-25 19:34:18,870:INFO: Creating the datasets...
2018-02-25 19:34:19,087:INFO: Creating the model...
2018-02-25 19:35:48,666:INFO: Creating the datasets...
2018-02-25 19:35:48,895:INFO: Creating the model...
2018-02-25 19:36:59,797:INFO: Creating the datasets...
2018-02-25 19:36:59,993:INFO: Creating the model...
2018-02-25 19:37:40,941:INFO: Creating the datasets...
2018-02-25 19:37:41,145:INFO: Creating the model...
2018-02-25 19:38:53,183:INFO: Creating the datasets...
2018-02-25 19:38:53,385:INFO: Creating the model...
2018-02-25 19:39:38,177:INFO: Creating the datasets...
2018-02-25 19:39:38,382:INFO: Creating the model...
2018-02-25 19:39:46,140:INFO: Starting training for 1 epoch(s)
2018-02-25 19:40:13,479:INFO: Epoch 1/1
2018-02-25 19:41:26,880:INFO: Creating the datasets...
2018-02-25 19:42:30,434:INFO: Creating the datasets...
2018-02-25 19:42:30,617:INFO: Creating the model...
2018-02-25 19:42:37,513:INFO: Starting training for 1 epoch(s)
2018-02-25 19:43:01,991:INFO: Epoch 1/1
2018-02-25 19:43:03,911:INFO: - Train metrics: accuracy: 0.000 ; loss: 4.041
2018-02-25 19:43:09,757:INFO: - Eval metrics: accuracy: 0.000 ; loss: 3.856
2018-02-25 19:43:15,483:INFO: - Found new best accuracy, saving in experiments/learning_rate/best_weights/after-epoch-1
2018-02-26 12:57:56,735:INFO: Creating the datasets...
2018-02-26 12:59:14,623:INFO: Creating the datasets...
2018-02-26 12:59:16,650:INFO: Creating the model...
2018-02-26 12:59:24,199:INFO: Starting training for 1 epoch(s)
2018-02-26 12:59:52,900:INFO: Epoch 1/1
2018-02-26 13:02:07,435:INFO: - Train metrics: accuracy: 0.247 ; loss: 2.153
2018-02-26 13:02:43,739:INFO: - Eval metrics: accuracy: 0.275 ; loss: 1.960
2018-02-26 13:02:49,944:INFO: - Found new best accuracy, saving in experiments/learning_rate/best_weights/after-epoch-1
2018-02-26 13:08:54,625:INFO: Creating the datasets...
2018-02-26 13:08:56,694:INFO: Creating the model...
2018-02-26 13:09:04,305:INFO: Starting training for 3 epoch(s)
2018-02-26 13:09:33,786:INFO: Epoch 1/3
2018-02-26 13:11:52,171:INFO: - Train metrics: accuracy: 0.247 ; loss: 2.152
2018-02-26 13:12:23,794:INFO: - Eval metrics: accuracy: 0.279 ; loss: 1.945
2018-02-26 13:12:30,547:INFO: - Found new best accuracy, saving in experiments/learning_rate/best_weights/after-epoch-1
2018-02-26 13:12:30,548:INFO: Epoch 2/3
2018-02-26 13:14:35,875:INFO: - Train metrics: accuracy: 0.270 ; loss: 1.920
2018-02-26 13:15:04,833:INFO: - Eval metrics: accuracy: 0.274 ; loss: 1.941
2018-02-26 13:15:04,866:INFO: Epoch 3/3
2018-02-26 13:17:11,590:INFO: - Train metrics: accuracy: 0.277 ; loss: 1.899
2018-02-26 13:17:42,719:INFO: - Eval metrics: accuracy: 0.249 ; loss: 1.967
2018-02-26 13:25:43,351:INFO: Creating the datasets...
2018-02-26 13:25:44,537:INFO: Creating the model...
2018-02-26 13:33:52,338:INFO: Starting training for 1 epoch(s)
